<?xml version="1.0" encoding="UTF-8"?>
<testsuite name="com.openscadviewer.engine.SunParseDebugTest" tests="1" skipped="0" failures="0" errors="0" timestamp="2026-06-24T18:10:28.155Z" hostname="beebubu" time="0.111">
  <properties/>
  <testcase name="parse sun scad and print tree()" classname="com.openscadviewer.engine.SunParseDebugTest" time="0.085"/>
  <system-out><![CDATA[Group(1)
  Union(2)
    Sphere(r=40.0, seg=120)
    Group(6)
      Rotate(0.0, 0.0, 0.0)
        Cylinder(h=10.0, r1=5.0, r2=5.0, seg=120)
      Rotate(0.0, 0.0, 60.0)
        Cylinder(h=10.0, r1=5.0, r2=5.0, seg=120)
      Rotate(0.0, 0.0, 120.0)
        Cylinder(h=10.0, r1=5.0, r2=5.0, seg=120)
      Rotate(0.0, 0.0, 180.0)
        Cylinder(h=10.0, r1=5.0, r2=5.0, seg=120)
      Rotate(0.0, 0.0, 240.0)
        Cylinder(h=10.0, r1=5.0, r2=5.0, seg=120)
      Rotate(0.0, 0.0, 300.0)
        Cylinder(h=10.0, r1=5.0, r2=5.0, seg=120)
]]></system-out>
  <system-err><![CDATA[]]></system-err>
</testsuite>
