<?xml version="1.0" encoding="UTF-8"?>
<testsuite name="com.openscadviewer.engine.CliArgParserPropertyTest" tests="7" skipped="0" failures="0" errors="0" timestamp="2026-06-22T19:54:39.131Z" hostname="beebubu" time="0.274">
  <properties/>
  <testcase name="timeoutAboveRangeIsRejected" classname="com.openscadviewer.engine.CliArgParserPropertyTest" time="0.14"/>
  <testcase name="nonIntegerTimeoutIsRejected" classname="com.openscadviewer.engine.CliArgParserPropertyTest" time="0.052"/>
  <testcase name="emptyArgsAlwaysFails" classname="com.openscadviewer.engine.CliArgParserPropertyTest" time="0.005"/>
  <testcase name="zeroPositionalArgsAlwaysFails" classname="com.openscadviewer.engine.CliArgParserPropertyTest" time="0.018"/>
  <testcase name="validTimeoutIsAccepted" classname="com.openscadviewer.engine.CliArgParserPropertyTest" time="0.012"/>
  <testcase name="timeoutBelowRangeIsRejected" classname="com.openscadviewer.engine.CliArgParserPropertyTest" time="0.012"/>
  <testcase name="onePositionalArgAlwaysFails" classname="com.openscadviewer.engine.CliArgParserPropertyTest" time="0.026"/>
  <system-out><![CDATA[timestamp = 2026-06-22T21:54:39.276240198, CliArgParserPropertyTest:timeoutAboveRangeIsRejected = 
                              |-----------------------jqwik-----------------------
tries = 100                   | # of calls to property
checks = 100                  | # of not rejected calls
generation = RANDOMIZED       | parameters are randomly generated
after-failure = SAMPLE_FIRST  | try previously failed sample, then previous seed
when-fixed-seed = ALLOW       | fixing the random seed is allowed
edge-cases#mode = MIXIN       | edge cases are mixed in
edge-cases#total = 4          | # of all combined edge cases
edge-cases#tried = 4          | # of edge cases tried in current run
seed = 2124108394400816577    | random seed to reproduce generated values


timestamp = 2026-06-22T21:54:39.330165356, CliArgParserPropertyTest:nonIntegerTimeoutIsRejected = 
                              |-----------------------jqwik-----------------------
tries = 100                   | # of calls to property
checks = 100                  | # of not rejected calls
generation = RANDOMIZED       | parameters are randomly generated
after-failure = SAMPLE_FIRST  | try previously failed sample, then previous seed
when-fixed-seed = ALLOW       | fixing the random seed is allowed
edge-cases#mode = MIXIN       | edge cases are mixed in
edge-cases#total = 13         | # of all combined edge cases
edge-cases#tried = 13         | # of edge cases tried in current run
seed = -2188132095499344458   | random seed to reproduce generated values


timestamp = 2026-06-22T21:54:39.336032565, CliArgParserPropertyTest:emptyArgsAlwaysFails = 
                              |-----------------------jqwik-----------------------
tries = 100                   | # of calls to property
checks = 100                  | # of not rejected calls
generation = RANDOMIZED       | parameters are randomly generated
after-failure = SAMPLE_FIRST  | try previously failed sample, then previous seed
when-fixed-seed = ALLOW       | fixing the random seed is allowed
edge-cases#mode = MIXIN       | edge cases are mixed in
edge-cases#total = 0          | # of all combined edge cases
edge-cases#tried = 0          | # of edge cases tried in current run
seed = -6253587197943615771   | random seed to reproduce generated values


timestamp = 2026-06-22T21:54:39.353661273, CliArgParserPropertyTest:zeroPositionalArgsAlwaysFails = 
                              |-----------------------jqwik-----------------------
tries = 100                   | # of calls to property
checks = 100                  | # of not rejected calls
generation = RANDOMIZED       | parameters are randomly generated
after-failure = SAMPLE_FIRST  | try previously failed sample, then previous seed
when-fixed-seed = ALLOW       | fixing the random seed is allowed
edge-cases#mode = MIXIN       | edge cases are mixed in
edge-cases#total = 1          | # of all combined edge cases
edge-cases#tried = 1          | # of edge cases tried in current run
seed = 8724436361220133809    | random seed to reproduce generated values


timestamp = 2026-06-22T21:54:39.366018029, CliArgParserPropertyTest:validTimeoutIsAccepted = 
                              |-----------------------jqwik-----------------------
tries = 100                   | # of calls to property
checks = 100                  | # of not rejected calls
generation = RANDOMIZED       | parameters are randomly generated
after-failure = SAMPLE_FIRST  | try previously failed sample, then previous seed
when-fixed-seed = ALLOW       | fixing the random seed is allowed
edge-cases#mode = MIXIN       | edge cases are mixed in
edge-cases#total = 4          | # of all combined edge cases
edge-cases#tried = 4          | # of edge cases tried in current run
seed = -4934629893863425989   | random seed to reproduce generated values


timestamp = 2026-06-22T21:54:39.378106687, CliArgParserPropertyTest:timeoutBelowRangeIsRejected = 
                              |-----------------------jqwik-----------------------
tries = 100                   | # of calls to property
checks = 100                  | # of not rejected calls
generation = RANDOMIZED       | parameters are randomly generated
after-failure = SAMPLE_FIRST  | try previously failed sample, then previous seed
when-fixed-seed = ALLOW       | fixing the random seed is allowed
edge-cases#mode = MIXIN       | edge cases are mixed in
edge-cases#total = 5          | # of all combined edge cases
edge-cases#tried = 3          | # of edge cases tried in current run
seed = 1485093983485755633    | random seed to reproduce generated values


timestamp = 2026-06-22T21:54:39.404606210, CliArgParserPropertyTest:onePositionalArgAlwaysFails = 
                              |-----------------------jqwik-----------------------
tries = 100                   | # of calls to property
checks = 100                  | # of not rejected calls
generation = RANDOMIZED       | parameters are randomly generated
after-failure = SAMPLE_FIRST  | try previously failed sample, then previous seed
when-fixed-seed = ALLOW       | fixing the random seed is allowed
edge-cases#mode = MIXIN       | edge cases are mixed in
edge-cases#total = 32         | # of all combined edge cases
edge-cases#tried = 18         | # of edge cases tried in current run
seed = -3402903932737427987   | random seed to reproduce generated values


]]></system-out>
  <system-err><![CDATA[čvn 22, 2026 9:54:39 ODP. net.jqwik.engine.execution.CheckedProperty maybeWarnOnMultipleTriesWithoutForallParameters
WARNING: Running Property [CliArgParserPropertyTest:emptyArgsAlwaysFails] in container [com.openscadviewer.engine.CliArgParserPropertyTest] without any @ForAll parameters for 100 tries.
    Maybe you want to change it into an @Example?
]]></system-err>
</testsuite>
